2025/01/10 15:41:35 2025-01-10T15:41:35+01:00 - GET / [::1]:64270
2025/01/10 15:41:35 2025-01-10T15:41:35+01:00 - GET /favicon.ico [::1]:64270
2025/01/10 15:41:37 2025-01-10T15:41:37+01:00 - GET / [::1]:64270
2025/01/10 15:41:37 2025-01-10T15:41:37+01:00 - GET /favicon.ico [::1]:64270
2025/01/10 15:50:28 2025-01-10T15:50:28+01:00 - GET / OK
2025/01/10 15:50:28 2025-01-10T15:50:28+01:00 - GET /favicon.ico OK
2025/01/10 15:52:52 2025-01-10T15:52:52+01:00 - GET / OK
2025/01/10 15:52:52 2025-01-10T15:52:52+01:00 - GET /favicon.ico OK
2025/01/10 15:53:05 2025-01-10T15:53:05+01:00 - GET /Qfdzqf OK
2025/01/10 15:53:05 2025-01-10T15:53:05+01:00 - GET /favicon.ico OK
2025/01/10 16:21:48 2025-01-10T16:21:48+01:00 - GET /books OK
2025/01/10 16:21:51 2025-01-10T16:21:51+01:00 - GET /authors OK
2025/01/10 16:23:08 2025-01-10T16:23:08+01:00 - GET /books OK
2025/01/10 16:23:25 2025-01-10T16:23:25+01:00 - POST /books Created
2025/01/10 16:23:36 2025-01-10T16:23:36+01:00 - POST /books Created
2025/01/10 16:23:38 2025-01-10T16:23:38+01:00 - GET /books OK
2025/01/10 16:23:47 2025-01-10T16:23:47+01:00 - DELETE /books/3 No Content
2025/01/10 16:23:52 2025-01-10T16:23:52+01:00 - GET /books OK
2025/01/10 16:24:10 2025-01-10T16:24:10+01:00 - PUT /books/1 OK
2025/01/10 16:24:14 2025-01-10T16:24:14+01:00 - GET /books/1 OK
2025/01/10 16:24:22 2025-01-10T16:24:22+01:00 - GET /authors OK
2025/01/10 16:44:20 2025-01-10T16:44:19+01:00 - GET /authors OK
2025/01/10 16:47:54 2025-01-10T16:47:54+01:00 - GET /authors OK
2025/01/10 16:48:06 2025-01-10T16:48:06+01:00 - GET /authors/7 Not Found
2025/01/12 00:29:24 2025-01-12T00:29:24+01:00 - GET /authors OK
2025/01/12 00:29:29 2025-01-12T00:29:29+01:00 - GET /authors/1 OK
2025/01/12 00:29:40 2025-01-12T00:29:40+01:00 - POST /authors Created
2025/01/12 00:29:46 2025-01-12T00:29:46+01:00 - GET /authors OK
2025/01/12 00:31:53 2025-01-12T00:31:53+01:00 - DELETE /authors/3 No Content
2025/01/12 00:32:05 2025-01-12T00:32:05+01:00 - GET /authors/3 Not Found
2025/01/12 00:32:07 2025-01-12T00:32:07+01:00 - GET /authors OK
2025/01/12 00:32:13 2025-01-12T00:32:13+01:00 - POST /authors Created
2025/01/12 00:32:16 2025-01-12T00:32:16+01:00 - GET /authors OK
2025/01/12 00:32:41 2025-01-12T00:32:41+01:00 - PUT /authors/4 OK
2025/01/12 00:38:53 2025-01-12T00:38:53+01:00 - GET /books OK
2025/01/12 00:40:44 2025-01-12T00:40:44+01:00 - POST /books Bad Request
2025/01/12 00:56:09 2025-01-12T00:56:09+01:00 - POST /books Internal Server Error
2025/01/12 00:57:45 2025-01-12T00:57:45+01:00 - POST /books Internal Server Error
2025/01/12 00:58:06 2025-01-12T00:58:06+01:00 - POST /books Internal Server Error
2025/01/12 00:58:30 2025-01-12T00:58:30+01:00 - POST /books Internal Server Error
2025/01/12 01:05:49 2025-01-12T01:05:49+01:00 - POST /books Created
2025/01/12 01:06:42 2025-01-12T01:06:42+01:00 - GET /books Internal Server Error
2025/01/12 01:06:50 2025-01-12T01:06:50+01:00 - GET /books Internal Server Error
2025/01/12 01:07:21 2025-01-12T01:07:21+01:00 - GET /books Internal Server Error
2025/01/12 01:12:10 2025-01-12T01:12:10+01:00 - GET /books Internal Server Error
2025/01/12 01:12:32 2025-01-12T01:12:32+01:00 - GET /books Internal Server Error
2025/01/12 01:12:47 2025-01-12T01:12:47+01:00 - GET /books Internal Server Error
2025/01/12 01:13:06 2025-01-12T01:13:06+01:00 - GET /books Internal Server Error
2025/01/12 01:13:23 2025-01-12T01:13:23+01:00 - GET /books Internal Server Error
2025/01/12 01:16:47 2025-01-12T01:16:47+01:00 - GET /books Internal Server Error
2025/01/12 01:18:59 2025-01-12T01:18:59+01:00 - GET /books Internal Server Error
2025/01/12 01:19:04 2025-01-12T01:19:04+01:00 - GET /books Internal Server Error
2025/01/12 01:19:30 2025-01-12T01:19:30+01:00 - GET /books Internal Server Error
2025/01/12 01:19:58 2025-01-12T01:19:58+01:00 - POST /books Created
2025/01/12 01:20:13 2025-01-12T01:20:13+01:00 - GET /books Internal Server Error
2025/01/12 01:24:12 2025-01-12T01:24:12+01:00 - GET /books Internal Server Error
2025/01/12 01:26:38 2025-01-12T01:26:38+01:00 - GET /books Internal Server Error
2025/01/12 01:27:02 2025-01-12T01:27:02+01:00 - GET /books/1 Not Found
2025/01/12 01:27:04 2025-01-12T01:27:04+01:00 - GET /books/2 Not Found
2025/01/12 01:27:11 2025-01-12T01:27:11+01:00 - GET /books/3 Not Found
2025/01/12 01:27:13 2025-01-12T01:27:13+01:00 - GET /books Internal Server Error
2025/01/12 01:30:48 2025-01-12T01:30:48+01:00 - GET /books Internal Server Error
2025/01/12 01:32:28 2025-01-12T01:32:28+01:00 - GET /books Internal Server Error
2025/01/12 01:36:16 2025-01-12T01:36:16+01:00 - GET /authors OK
2025/01/12 01:36:20 2025-01-12T01:36:20+01:00 - GET /books Internal Server Error
2025/01/12 01:39:33 2025-01-12T01:39:33+01:00 - GET /books Internal Server Error
2025/01/12 01:39:59 2025-01-12T01:39:59+01:00 - GET /books/1 Not Found
2025/01/12 01:41:15 2025-01-12T01:41:15+01:00 - PUT /books/3 OK
2025/01/12 01:41:29 2025-01-12T01:41:29+01:00 - DELETE /books/3 No Content
2025/01/12 01:41:41 2025-01-12T01:41:41+01:00 - GET /books Internal Server Error
2025/01/12 01:50:30 2025-01-12T01:50:30+01:00 - GET /books/1 Not Found
2025/01/12 01:51:25 2025-01-12T01:51:25+01:00 - GET /authors/1 OK
2025/01/12 01:51:28 2025-01-12T01:51:28+01:00 - GET /authors OK
2025/01/12 01:51:31 2025-01-12T01:51:31+01:00 - GET /books/1 Not Found
2025/01/12 01:52:39 2025-01-12T01:52:39+01:00 - GET /books/1 Not Found
2025/01/12 01:54:24 2025-01-12T01:54:24+01:00 - GET /books/1 Not Found
2025/01/12 01:54:30 2025-01-12T01:54:30+01:00 - GET /books Internal Server Error
2025/01/12 01:55:41 2025-01-12T01:55:41+01:00 - GET /books Internal Server Error
2025/01/12 01:57:55 2025-01-12T01:57:55+01:00 - GET /books OK
2025/01/12 01:58:07 2025-01-12T01:58:07+01:00 - GET /books/2 OK
2025/01/12 02:21:14 2025-01-12T02:21:14+01:00 - GET /books/2 OK
2025/01/12 02:21:16 2025-01-12T02:21:16+01:00 - GET /books OK
2025/01/12 02:30:08 2025-01-12T02:30:08+01:00 - GET /books Unauthorized
2025/01/12 02:30:12 2025-01-12T02:30:12+01:00 - GET /login OK
2025/01/12 02:30:20 2025-01-12T02:30:20+01:00 - GET /books OK
2025/01/12 02:30:25 2025-01-12T02:30:25+01:00 - GET /books Unauthorized
2025/01/12 02:30:33 2025-01-12T02:30:33+01:00 - GET /login OK
2025/01/12 03:00:29 2025-01-12T03:00:29+01:00 - GET /login OK
2025/01/12 03:02:46 2025-01-12T03:02:46+01:00 - GET /books Unauthorized
2025/01/12 03:05:13 2025-01-12T03:05:13+01:00 - GET /login OK
2025/01/12 03:05:26 2025-01-12T03:05:26+01:00 - GET /books/1 OK
2025/01/12 03:05:27 2025-01-12T03:05:27+01:00 - GET /books/2 OK
2025/01/12 03:05:28 2025-01-12T03:05:28+01:00 - GET /books/3 OK
2025/01/12 03:05:29 2025-01-12T03:05:29+01:00 - GET /books/4 OK
2025/01/12 03:05:30 2025-01-12T03:05:30+01:00 - GET /books/5 OK
2025/01/12 03:05:31 2025-01-12T03:05:31+01:00 - GET /books/6 OK
2025/01/12 03:05:32 2025-01-12T03:05:32+01:00 - GET /books/7 OK
2025/01/12 03:05:33 2025-01-12T03:05:33+01:00 - GET /books/8 OK
2025/01/12 03:05:34 2025-01-12T03:05:34+01:00 - GET /books/9 OK
2025/01/12 03:05:35 2025-01-12T03:05:35+01:00 - GET /books/10 OK
2025/01/12 03:05:36 2025-01-12T03:05:36+01:00 - GET /books/11 OK
2025/01/12 03:05:37 2025-01-12T03:05:37+01:00 - GET /books/12 OK
2025/01/12 03:05:37 2025-01-12T03:05:37+01:00 - GET /books OK
2025/01/12 03:05:38 2025-01-12T03:05:38+01:00 - GET /books/13 OK
2025/01/12 03:05:39 2025-01-12T03:05:39+01:00 - GET /books/14 OK
2025/01/12 03:05:40 2025-01-12T03:05:40+01:00 - GET /books/15 OK
2025/01/12 03:05:40 2025-01-12T03:05:40+01:00 - GET /books OK
2025/01/12 03:05:41 2025-01-12T03:05:41+01:00 - GET /books/16 OK
2025/01/12 03:05:41 2025-01-12T03:05:41+01:00 - GET /books OK
2025/01/12 03:05:42 2025-01-12T03:05:42+01:00 - GET /books/17 OK
2025/01/12 03:10:51 2025-01-12T03:10:51+01:00 - GET /books Unauthorized
2025/01/12 03:10:57 2025-01-12T03:10:57+01:00 - GET /login OK
2025/01/12 03:11:01 2025-01-12T03:11:01+01:00 - GET /login OK
2025/01/12 03:11:06 2025-01-12T03:11:06+01:00 - GET /books OK
2025/01/12 03:11:14 2025-01-12T03:11:14+01:00 - GET /books/2 OK
2025/01/12 03:11:15 2025-01-12T03:11:15+01:00 - GET /books/2 OK
2025/01/12 03:11:18 2025-01-12T03:11:18+01:00 - GET /books/0 Not Found
2025/01/12 03:11:20 2025-01-12T03:11:20+01:00 - GET /books/1 OK
2025/01/12 03:11:23 2025-01-12T03:11:23+01:00 - GET /books/7 OK
2025/01/12 03:27:45 2025-01-12T03:27:45+01:00 - GET /login OK
2025/01/12 03:27:52 2025-01-12T03:27:52+01:00 - GET /books OK
2025/01/12 03:28:14 2025-01-12T03:28:14+01:00 - GET /books OK
2025/01/12 03:28:18 2025-01-12T03:28:18+01:00 - GET /books OK
2025/01/12 03:28:21 2025-01-12T03:28:21+01:00 - GET /books OK
2025/01/12 03:28:26 2025-01-12T03:28:26+01:00 - GET /books OK
2025/01/12 03:28:29 2025-01-12T03:28:29+01:00 - GET /books OK
2025/01/12 03:28:46 2025-01-12T03:28:46+01:00 - GET /books OK
2025/01/12 03:29:17 2025-01-12T03:29:17+01:00 - GET /books OK
2025/01/12 03:29:33 2025-01-12T03:29:33+01:00 - GET /books OK
2025/01/12 03:30:11 2025-01-12T03:30:11+01:00 - GET /books OK
2025/01/12 03:30:15 2025-01-12T03:30:15+01:00 - GET /books OK
2025/01/12 03:30:51 2025-01-12T03:30:51+01:00 - GET /books OK
2025/01/12 03:30:55 2025-01-12T03:30:55+01:00 - GET /books OK
2025/01/12 03:31:12 2025-01-12T03:31:12+01:00 - GET /books OK
2025/01/12 03:31:16 2025-01-12T03:31:16+01:00 - GET /books OK
2025/01/12 03:31:28 2025-01-12T03:31:28+01:00 - GET /books OK
2025/01/12 03:31:32 2025-01-12T03:31:32+01:00 - GET /books OK
2025/01/12 03:32:52 2025-01-12T03:32:52+01:00 - GET /login OK
2025/01/12 03:32:59 2025-01-12T03:32:59+01:00 - GET /books Internal Server Error
2025/01/12 03:34:42 2025-01-12T03:34:42+01:00 - GET /login OK
2025/01/12 03:34:47 2025-01-12T03:34:47+01:00 - GET /books OK
2025/01/12 03:34:57 2025-01-12T03:34:57+01:00 - GET /books OK
2025/01/12 03:35:01 2025-01-12T03:35:01+01:00 - GET /books OK
2025/01/12 03:35:04 2025-01-12T03:35:04+01:00 - GET /books OK
2025/01/12 03:36:56 2025-01-12T03:36:56+01:00 - GET /books Unauthorized
2025/01/12 03:37:01 2025-01-12T03:37:01+01:00 - GET /login OK
2025/01/12 03:37:07 2025-01-12T03:37:07+01:00 - GET /books OK
2025/01/12 03:37:16 2025-01-12T03:37:16+01:00 - GET /books OK
2025/01/12 03:37:19 2025-01-12T03:37:19+01:00 - GET /books OK
2025/01/12 03:37:22 2025-01-12T03:37:22+01:00 - GET /books OK
2025/01/12 03:37:42 2025-01-12T03:37:42+01:00 - GET /books OK
2025/01/12 03:37:46 2025-01-12T03:37:46+01:00 - GET /books OK
2025/01/12 03:37:56 2025-01-12T03:37:56+01:00 - GET /books OK
2025/01/12 03:38:06 2025-01-12T03:38:06+01:00 - GET /books OK
2025/01/12 03:38:15 2025-01-12T03:38:15+01:00 - GET /books OK
2025/01/12 03:38:36 2025-01-12T03:38:36+01:00 - GET /books OK
2025/03/01 00:28:32 2025-03-01T00:28:32Z - GET /login OK
2025/03/01 00:29:58 2025-03-01T00:29:58Z - GET /books Unauthorized
2025/03/01 00:30:25 2025-03-01T00:30:25Z - GET /books Unauthorized
2025/03/01 00:30:40 2025-03-01T00:30:40Z - GET /books Internal Server Error
2025/03/01 00:46:22 2025-03-01T00:46:22Z - GET /login OK
2025/03/01 00:46:35 2025-03-01T00:46:35Z - GET /books OK
2025/03/01 00:52:05 2025-03-01T00:52:05Z - GET /books OK
2025/03/01 14:49:12 2025-03-01T14:49:12Z - GET /login Bad Request
2025/03/01 15:03:29 2025-03-01T15:03:29Z - GET /login Bad Request
2025/03/01 15:03:44 2025-03-01T15:03:44Z - GET /login Bad Request
2025/03/01 15:05:35 2025-03-01T15:05:35Z - GET /login Bad Request
2025/03/01 15:07:05 2025-03-01T15:07:05Z - GET /login Internal Server Error
2025/03/01 15:09:25 2025-03-01T15:09:25Z - GET /login Internal Server Error
2025/03/01 15:13:36 2025-03-01T15:13:36Z - GET /login Bad Request
2025/03/01 15:13:52 2025-03-01T15:13:52Z - GET /login Bad Request
2025/03/01 15:46:57 2025-03-01T15:46:57Z - GET /signup Bad Request
2025/03/01 15:47:05 2025-03-01T15:47:05Z - POST /signup OK
2025/03/01 15:51:09 2025-03-01T15:51:09Z - POST /signup Internal Server Error
2025/03/01 15:53:24 2025-03-01T15:53:24Z - POST /signup Internal Server Error
2025/03/01 15:57:10 2025-03-01T15:57:10Z - POST /login OK
2025/03/01 16:08:51 2025-03-01T16:08:51Z - POST /login OK
2025/03/01 16:09:40 2025-03-01T16:09:40Z - POST /login OK
2025/03/01 16:10:39 2025-03-01T16:10:39Z - POST /login OK
2025/03/01 16:10:58 2025-03-01T16:10:58Z - POST /login OK
2025/03/01 16:12:07 2025-03-01T16:12:07Z - POST /login Internal Server Error
2025/03/01 16:13:18 2025-03-01T16:13:18Z - POST /login Bad Request
2025/03/01 16:13:25 2025-03-01T16:13:25Z - POST /login OK
2025/03/01 17:39:32 2025-03-01T17:39:32Z - POST /login OK
2025/03/01 17:40:06 2025-03-01T17:40:06Z - POST /books Internal Server Error
2025/03/01 17:40:33 2025-03-01T17:40:33Z - GET /books OK
2025/03/01 17:40:53 2025-03-01T17:40:53Z - GET /login Bad Request
2025/03/01 17:41:00 2025-03-01T17:41:00Z - POST /login OK
2025/03/01 17:41:23 2025-03-01T17:41:23Z - GET /books Unauthorized
2025/03/01 17:41:28 2025-03-01T17:41:28Z - GET /books OK
2025/03/02 01:04:19 2025-03-02T01:04:19Z - POST /login OK
2025/03/02 01:18:26 2025-03-02T01:18:26Z - POST /login OK
2025/03/02 01:33:52 2025-03-02T01:33:52Z - POST /login OK
2025/03/02 01:33:53 2025-03-02T01:33:53Z - POST /login OK
2025/03/02 01:33:54 2025-03-02T01:33:54Z - POST /login OK
2025/03/02 01:35:43 2025-03-02T01:35:43Z - POST /login OK
2025/03/02 01:35:52 2025-03-02T01:35:52Z - POST /login OK
2025/03/02 01:35:53 2025-03-02T01:35:53Z - POST /login OK
2025/03/02 01:36:46 2025-03-02T01:36:46Z - POST /login OK
2025/03/02 01:37:02 2025-03-02T01:37:02Z - GET /books OK
2025/03/02 01:37:11 2025-03-02T01:37:11Z - GET /books OK
2025/03/02 01:42:49 2025-03-02T01:42:49Z - GET /login Bad Request
2025/03/02 01:42:56 2025-03-02T01:42:56Z - POST /login OK
2025/03/02 01:43:04 2025-03-02T01:43:04Z - POST /login OK
2025/03/02 01:46:00 2025-03-02T01:46:00Z - POST /login OK
2025/03/02 02:06:34 2025-03-02T02:06:34Z - POST /login OK
2025/03/02 02:06:49 2025-03-02T02:06:49Z - GET /books Unauthorized
2025/03/02 02:07:00 2025-03-02T02:07:00Z - POST /login OK
2025/03/02 02:07:56 2025-03-02T02:07:56Z - POST /login OK
2025/03/02 02:08:13 2025-03-02T02:08:13Z - GET /books OK
2025/03/02 02:08:22 2025-03-02T02:08:22Z - GET /books OK
2025/03/02 02:09:34 2025-03-02T02:09:34Z - POST /login OK
2025/03/02 02:09:44 2025-03-02T02:09:44Z - GET /login Bad Request
2025/03/02 02:10:02 2025-03-02T02:10:02Z - POST /books Internal Server Error
2025/03/02 02:11:08 2025-03-02T02:11:08Z - POST /login OK
2025/03/02 02:11:25 2025-03-02T02:11:25Z - GET /books OK
2025/03/02 02:11:27 2025-03-02T02:11:27Z - GET /books OK
2025/03/02 02:41:43 2025-03-02T02:41:43Z - POST /authors Unauthorized
2025/03/02 02:42:01 2025-03-02T02:42:01Z - POST /login OK
2025/03/02 02:42:17 2025-03-02T02:42:17Z - POST /authors Created
2025/03/02 02:42:32 2025-03-02T02:42:32Z - GET /authors OK
2025/03/02 02:42:40 2025-03-02T02:42:40Z - GET /authors OK
2025/03/02 02:45:00 2025-03-02T02:45:00Z - POST /login OK
2025/03/02 02:45:18 2025-03-02T02:45:18Z - GET /authors OK
2025/03/02 02:45:42 2025-03-02T02:45:42Z - GET /authors/1 OK
2025/03/02 02:45:51 2025-03-02T02:45:51Z - GET /authors/1 OK
